2021-04-17 19:56:38.760  INFO 13688 --- [restartedMain] com.dlj.blog.BlogApplication             : Starting BlogApplication using Java 13.0.2 on DESKTOP-IU2D3KR with PID 13688 (G:\work\spring\0331\coffsty\target\classes started by 11345 in G:\work\spring\0331\coffsty)
2021-04-17 19:56:38.768  INFO 13688 --- [restartedMain] com.dlj.blog.BlogApplication             : No active profile set, falling back to default profiles: default
2021-04-17 19:56:38.849  INFO 13688 --- [restartedMain] .e.DevToolsPropertyDefaultsPostProcessor : Devtools property defaults active! Set 'spring.devtools.add-properties' to 'false' to disable
2021-04-17 19:56:38.849  INFO 13688 --- [restartedMain] .e.DevToolsPropertyDefaultsPostProcessor : For additional web related logging consider setting the 'logging.level.web' property to 'DEBUG'
2021-04-17 19:56:41.276  INFO 13688 --- [restartedMain] o.s.b.w.embedded.tomcat.TomcatWebServer  : Tomcat initialized with port(s): 80 (http)
2021-04-17 19:56:41.287  INFO 13688 --- [restartedMain] o.apache.catalina.core.StandardService   : Starting service [Tomcat]
2021-04-17 19:56:41.288  INFO 13688 --- [restartedMain] org.apache.catalina.core.StandardEngine  : Starting Servlet engine: [Apache Tomcat/9.0.44]
2021-04-17 19:56:41.483  INFO 13688 --- [restartedMain] o.a.c.c.C.[Tomcat].[localhost].[/]       : Initializing Spring embedded WebApplicationContext
2021-04-17 19:56:41.483  INFO 13688 --- [restartedMain] w.s.c.ServletWebServerApplicationContext : Root WebApplicationContext: initialization completed in 2632 ms
2021-04-17 19:56:41.698  INFO 13688 --- [restartedMain] c.a.d.s.b.a.DruidDataSourceAutoConfigure : Init DruidDataSource
2021-04-17 19:56:41.985  INFO 13688 --- [restartedMain] com.alibaba.druid.pool.DruidDataSource   : {dataSource-1} inited
2021-04-17 19:56:42.815  INFO 13688 --- [restartedMain] o.s.s.concurrent.ThreadPoolTaskExecutor  : Initializing ExecutorService 'applicationTaskExecutor'
2021-04-17 19:56:42.905  INFO 13688 --- [restartedMain] o.s.b.a.w.s.WelcomePageHandlerMapping    : Adding welcome page template: index
2021-04-17 19:56:42.926  INFO 13688 --- [restartedMain] com.dlj.blog.utils.GetPathUtils          : 文件夹已存在
2021-04-17 19:56:42.926  INFO 13688 --- [restartedMain] com.dlj.blog.utils.GetPathUtils          : path:G:\work\spring\0331\coffsty\userimg\
2021-04-17 19:56:42.927  INFO 13688 --- [restartedMain] com.dlj.blog.utils.GetPathUtils          : pathSlash:G:\work\spring\0331\coffsty\userimg\
2021-04-17 19:56:43.892  INFO 13688 --- [restartedMain] o.s.b.d.a.OptionalLiveReloadServer       : LiveReload server is running on port 35729
2021-04-17 19:56:44.151  INFO 13688 --- [restartedMain] o.s.b.w.embedded.tomcat.TomcatWebServer  : Tomcat started on port(s): 80 (http) with context path ''
2021-04-17 19:56:44.163  INFO 13688 --- [restartedMain] com.dlj.blog.BlogApplication             : Started BlogApplication in 6.317 seconds (JVM running for 8.587)
2021-04-17 19:57:16.954  INFO 13688 --- [http-nio-80-exec-1] o.a.c.c.C.[Tomcat].[localhost].[/]       : Initializing Spring DispatcherServlet 'dispatcherServlet'
2021-04-17 19:57:16.955  INFO 13688 --- [http-nio-80-exec-1] o.s.web.servlet.DispatcherServlet        : Initializing Servlet 'dispatcherServlet'
2021-04-17 19:57:16.956  INFO 13688 --- [http-nio-80-exec-1] o.s.web.servlet.DispatcherServlet        : Completed initialization in 1 ms
2021-04-17 19:57:18.856  INFO 13688 --- [http-nio-80-exec-8] com.dlj.blog.controller.IndexController  : blogTotal:3
2021-04-17 19:57:18.856  INFO 13688 --- [http-nio-80-exec-8] com.dlj.blog.controller.IndexController  : blogViewTotal:231
2021-04-17 19:57:24.289  WARN 13688 --- [http-nio-80-exec-7] o.a.c.util.SessionIdGeneratorBase        : Creation of SecureRandom instance for session ID generation using [SHA1PRNG] took [187] milliseconds.
2021-04-17 19:57:24.308 ERROR 13688 --- [http-nio-80-exec-7] o.a.c.c.C.[.[.[/].[dispatcherServlet]    : Servlet.service() for servlet [dispatcherServlet] in context with path [] threw exception [Request processing failed; nested exception is java.lang.NullPointerException] with root cause

java.lang.NullPointerException: null
	at com.dlj.blog.conf.LoginInterceptor.preHandle(LoginInterceptor.java:27)
	at org.springframework.web.servlet.HandlerExecutionChain.applyPreHandle(HandlerExecutionChain.java:148)
	at org.springframework.web.servlet.DispatcherServlet.doDispatch(DispatcherServlet.java:1055)
	at org.springframework.web.servlet.DispatcherServlet.doService(DispatcherServlet.java:962)
	at org.springframework.web.servlet.FrameworkServlet.processRequest(FrameworkServlet.java:1006)
	at org.springframework.web.servlet.FrameworkServlet.doGet(FrameworkServlet.java:898)
	at javax.servlet.http.HttpServlet.service(HttpServlet.java:626)
	at org.springframework.web.servlet.FrameworkServlet.service(FrameworkServlet.java:883)
	at javax.servlet.http.HttpServlet.service(HttpServlet.java:733)
	at org.apache.catalina.core.ApplicationFilterChain.internalDoFilter(ApplicationFilterChain.java:227)
	at org.apache.catalina.core.ApplicationFilterChain.doFilter(ApplicationFilterChain.java:162)
	at org.apache.tomcat.websocket.server.WsFilter.doFilter(WsFilter.java:53)
	at org.apache.catalina.core.ApplicationFilterChain.internalDoFilter(ApplicationFilterChain.java:189)
	at org.apache.catalina.core.ApplicationFilterChain.doFilter(ApplicationFilterChain.java:162)
	at com.alibaba.druid.support.http.WebStatFilter.doFilter(WebStatFilter.java:124)
	at org.apache.catalina.core.ApplicationFilterChain.internalDoFilter(ApplicationFilterChain.java:189)
	at org.apache.catalina.core.ApplicationFilterChain.doFilter(ApplicationFilterChain.java:162)
	at org.springframework.web.filter.RequestContextFilter.doFilterInternal(RequestContextFilter.java:100)
	at org.springframework.web.filter.OncePerRequestFilter.doFilter(OncePerRequestFilter.java:119)
	at org.apache.catalina.core.ApplicationFilterChain.internalDoFilter(ApplicationFilterChain.java:189)
	at org.apache.catalina.core.ApplicationFilterChain.doFilter(ApplicationFilterChain.java:162)
	at org.springframework.web.filter.FormContentFilter.doFilterInternal(FormContentFilter.java:93)
	at org.springframework.web.filter.OncePerRequestFilter.doFilter(OncePerRequestFilter.java:119)
	at org.apache.catalina.core.ApplicationFilterChain.internalDoFilter(ApplicationFilterChain.java:189)
	at org.apache.catalina.core.ApplicationFilterChain.doFilter(ApplicationFilterChain.java:162)
	at org.springframework.web.filter.CharacterEncodingFilter.doFilterInternal(CharacterEncodingFilter.java:201)
	at org.springframework.web.filter.OncePerRequestFilter.doFilter(OncePerRequestFilter.java:119)
	at org.apache.catalina.core.ApplicationFilterChain.internalDoFilter(ApplicationFilterChain.java:189)
	at org.apache.catalina.core.ApplicationFilterChain.doFilter(ApplicationFilterChain.java:162)
	at org.apache.catalina.core.StandardWrapperValve.invoke(StandardWrapperValve.java:202)
	at org.apache.catalina.core.StandardContextValve.invoke(StandardContextValve.java:97)
	at org.apache.catalina.authenticator.AuthenticatorBase.invoke(AuthenticatorBase.java:542)
	at org.apache.catalina.core.StandardHostValve.invoke(StandardHostValve.java:143)
	at org.apache.catalina.valves.ErrorReportValve.invoke(ErrorReportValve.java:92)
	at org.apache.catalina.core.StandardEngineValve.invoke(StandardEngineValve.java:78)
	at org.apache.catalina.connector.CoyoteAdapter.service(CoyoteAdapter.java:357)
	at org.apache.coyote.http11.Http11Processor.service(Http11Processor.java:374)
	at org.apache.coyote.AbstractProcessorLight.process(AbstractProcessorLight.java:65)
	at org.apache.coyote.AbstractProtocol$ConnectionHandler.process(AbstractProtocol.java:893)
	at org.apache.tomcat.util.net.NioEndpoint$SocketProcessor.doRun(NioEndpoint.java:1707)
	at org.apache.tomcat.util.net.SocketProcessorBase.run(SocketProcessorBase.java:49)
	at java.base/java.util.concurrent.ThreadPoolExecutor.runWorker(ThreadPoolExecutor.java:1128)
	at java.base/java.util.concurrent.ThreadPoolExecutor$Worker.run(ThreadPoolExecutor.java:628)
	at org.apache.tomcat.util.threads.TaskThread$WrappingRunnable.run(TaskThread.java:61)
	at java.base/java.lang.Thread.run(Thread.java:830)

2021-04-17 19:57:24.446  INFO 13688 --- [http-nio-80-exec-3] com.dlj.blog.controller.IndexController  : blogTotal:3
2021-04-17 19:57:24.446  INFO 13688 --- [http-nio-80-exec-3] com.dlj.blog.controller.IndexController  : blogViewTotal:231
2021-04-17 19:57:33.025  INFO 13688 --- [http-nio-80-exec-4] com.dlj.blog.controller.IndexController  : blogTotal:3
2021-04-17 19:57:33.026  INFO 13688 --- [http-nio-80-exec-4] com.dlj.blog.controller.IndexController  : blogViewTotal:231
2021-04-17 19:57:37.136  INFO 13688 --- [http-nio-80-exec-8] c.d.blog.controller.UserLoginController  : user:User(id=10000, nickname=伊蕾雅, username=yly, password=321, avatar=avatar10000.jpg, type=1, createTime=Fri Jan 01 00:00:00 CST 2021, updateTime=Fri Jan 01 00:00:00 CST 2021)
2021-04-17 19:57:37.277  INFO 13688 --- [http-nio-80-exec-5] com.dlj.blog.controller.IndexController  : blogTotal:3
2021-04-17 19:57:37.277  INFO 13688 --- [http-nio-80-exec-5] com.dlj.blog.controller.IndexController  : blogViewTotal:231
2021-04-17 19:57:41.456  INFO 13688 --- [http-nio-80-exec-9] com.dlj.blog.controller.IndexController  : blogTotal:3
2021-04-17 19:57:41.457  INFO 13688 --- [http-nio-80-exec-9] com.dlj.blog.controller.IndexController  : blogViewTotal:231
2021-04-17 19:57:58.062  INFO 13688 --- [http-nio-80-exec-5] com.dlj.blog.controller.IndexController  : blogTotal:3
2021-04-17 19:57:58.062  INFO 13688 --- [http-nio-80-exec-5] com.dlj.blog.controller.IndexController  : blogViewTotal:231
2021-04-17 19:58:01.312 ERROR 13688 --- [http-nio-80-exec-10] o.a.c.c.C.[.[.[/].[dispatcherServlet]    : Servlet.service() for servlet [dispatcherServlet] in context with path [] threw exception [Request processing failed; nested exception is java.lang.NullPointerException] with root cause

java.lang.NullPointerException: null
	at com.dlj.blog.conf.LoginInterceptor.preHandle(LoginInterceptor.java:27)
	at org.springframework.web.servlet.HandlerExecutionChain.applyPreHandle(HandlerExecutionChain.java:148)
	at org.springframework.web.servlet.DispatcherServlet.doDispatch(DispatcherServlet.java:1055)
	at org.springframework.web.servlet.DispatcherServlet.doService(DispatcherServlet.java:962)
	at org.springframework.web.servlet.FrameworkServlet.processRequest(FrameworkServlet.java:1006)
	at org.springframework.web.servlet.FrameworkServlet.doGet(FrameworkServlet.java:898)
	at javax.servlet.http.HttpServlet.service(HttpServlet.java:626)
	at org.springframework.web.servlet.FrameworkServlet.service(FrameworkServlet.java:883)
	at javax.servlet.http.HttpServlet.service(HttpServlet.java:733)
	at org.apache.catalina.core.ApplicationFilterChain.internalDoFilter(ApplicationFilterChain.java:227)
	at org.apache.catalina.core.ApplicationFilterChain.doFilter(ApplicationFilterChain.java:162)
	at org.apache.tomcat.websocket.server.WsFilter.doFilter(WsFilter.java:53)
	at org.apache.catalina.core.ApplicationFilterChain.internalDoFilter(ApplicationFilterChain.java:189)
	at org.apache.catalina.core.ApplicationFilterChain.doFilter(ApplicationFilterChain.java:162)
	at com.alibaba.druid.support.http.WebStatFilter.doFilter(WebStatFilter.java:124)
	at org.apache.catalina.core.ApplicationFilterChain.internalDoFilter(ApplicationFilterChain.java:189)
	at org.apache.catalina.core.ApplicationFilterChain.doFilter(ApplicationFilterChain.java:162)
	at org.springframework.web.filter.RequestContextFilter.doFilterInternal(RequestContextFilter.java:100)
	at org.springframework.web.filter.OncePerRequestFilter.doFilter(OncePerRequestFilter.java:119)
	at org.apache.catalina.core.ApplicationFilterChain.internalDoFilter(ApplicationFilterChain.java:189)
	at org.apache.catalina.core.ApplicationFilterChain.doFilter(ApplicationFilterChain.java:162)
	at org.springframework.web.filter.FormContentFilter.doFilterInternal(FormContentFilter.java:93)
	at org.springframework.web.filter.OncePerRequestFilter.doFilter(OncePerRequestFilter.java:119)
	at org.apache.catalina.core.ApplicationFilterChain.internalDoFilter(ApplicationFilterChain.java:189)
	at org.apache.catalina.core.ApplicationFilterChain.doFilter(ApplicationFilterChain.java:162)
	at org.springframework.web.filter.CharacterEncodingFilter.doFilterInternal(CharacterEncodingFilter.java:201)
	at org.springframework.web.filter.OncePerRequestFilter.doFilter(OncePerRequestFilter.java:119)
	at org.apache.catalina.core.ApplicationFilterChain.internalDoFilter(ApplicationFilterChain.java:189)
	at org.apache.catalina.core.ApplicationFilterChain.doFilter(ApplicationFilterChain.java:162)
	at org.apache.catalina.core.StandardWrapperValve.invoke(StandardWrapperValve.java:202)
	at org.apache.catalina.core.StandardContextValve.invoke(StandardContextValve.java:97)
	at org.apache.catalina.authenticator.AuthenticatorBase.invoke(AuthenticatorBase.java:542)
	at org.apache.catalina.core.StandardHostValve.invoke(StandardHostValve.java:143)
	at org.apache.catalina.valves.ErrorReportValve.invoke(ErrorReportValve.java:92)
	at org.apache.catalina.core.StandardEngineValve.invoke(StandardEngineValve.java:78)
	at org.apache.catalina.connector.CoyoteAdapter.service(CoyoteAdapter.java:357)
	at org.apache.coyote.http11.Http11Processor.service(Http11Processor.java:374)
	at org.apache.coyote.AbstractProcessorLight.process(AbstractProcessorLight.java:65)
	at org.apache.coyote.AbstractProtocol$ConnectionHandler.process(AbstractProtocol.java:893)
	at org.apache.tomcat.util.net.NioEndpoint$SocketProcessor.doRun(NioEndpoint.java:1707)
	at org.apache.tomcat.util.net.SocketProcessorBase.run(SocketProcessorBase.java:49)
	at java.base/java.util.concurrent.ThreadPoolExecutor.runWorker(ThreadPoolExecutor.java:1128)
	at java.base/java.util.concurrent.ThreadPoolExecutor$Worker.run(ThreadPoolExecutor.java:628)
	at org.apache.tomcat.util.threads.TaskThread$WrappingRunnable.run(TaskThread.java:61)
	at java.base/java.lang.Thread.run(Thread.java:830)

2021-04-17 19:58:01.411  INFO 13688 --- [http-nio-80-exec-6] com.dlj.blog.controller.IndexController  : blogTotal:3
2021-04-17 19:58:01.411  INFO 13688 --- [http-nio-80-exec-6] com.dlj.blog.controller.IndexController  : blogViewTotal:231
2021-04-17 19:59:00.876  INFO 13688 --- [Thread-5] o.s.s.concurrent.ThreadPoolTaskExecutor  : Shutting down ExecutorService 'applicationTaskExecutor'
2021-04-17 19:59:00.877  INFO 13688 --- [Thread-5] com.alibaba.druid.pool.DruidDataSource   : {dataSource-1} closing ...
2021-04-17 19:59:00.896  INFO 13688 --- [Thread-5] com.alibaba.druid.pool.DruidDataSource   : {dataSource-1} closed
2021-04-17 19:59:00.982  INFO 13688 --- [restartedMain] com.dlj.blog.BlogApplication             : Starting BlogApplication using Java 13.0.2 on DESKTOP-IU2D3KR with PID 13688 (G:\work\spring\0331\coffsty\target\classes started by 11345 in G:\work\spring\0331\coffsty)
2021-04-17 19:59:00.982  INFO 13688 --- [restartedMain] com.dlj.blog.BlogApplication             : No active profile set, falling back to default profiles: default
2021-04-17 19:59:01.302  INFO 13688 --- [restartedMain] o.s.b.w.embedded.tomcat.TomcatWebServer  : Tomcat initialized with port(s): 80 (http)
2021-04-17 19:59:01.302  INFO 13688 --- [restartedMain] o.apache.catalina.core.StandardService   : Starting service [Tomcat]
2021-04-17 19:59:01.303  INFO 13688 --- [restartedMain] org.apache.catalina.core.StandardEngine  : Starting Servlet engine: [Apache Tomcat/9.0.44]
2021-04-17 19:59:01.336  INFO 13688 --- [restartedMain] o.a.c.c.C.[Tomcat].[localhost].[/]       : Initializing Spring embedded WebApplicationContext
2021-04-17 19:59:01.336  INFO 13688 --- [restartedMain] w.s.c.ServletWebServerApplicationContext : Root WebApplicationContext: initialization completed in 352 ms
2021-04-17 19:59:01.392  INFO 13688 --- [restartedMain] c.a.d.s.b.a.DruidDataSourceAutoConfigure : Init DruidDataSource
2021-04-17 19:59:01.490  INFO 13688 --- [restartedMain] com.alibaba.druid.pool.DruidDataSource   : {dataSource-2} inited
2021-04-17 19:59:01.629  INFO 13688 --- [restartedMain] o.s.s.concurrent.ThreadPoolTaskExecutor  : Initializing ExecutorService 'applicationTaskExecutor'
2021-04-17 19:59:01.642  INFO 13688 --- [restartedMain] o.s.b.a.w.s.WelcomePageHandlerMapping    : Adding welcome page template: index
2021-04-17 19:59:01.649  INFO 13688 --- [restartedMain] com.dlj.blog.utils.GetPathUtils          : 文件夹已存在
2021-04-17 19:59:01.649  INFO 13688 --- [restartedMain] com.dlj.blog.utils.GetPathUtils          : path:G:\work\spring\0331\coffsty\userimg\
2021-04-17 19:59:01.649  INFO 13688 --- [restartedMain] com.dlj.blog.utils.GetPathUtils          : pathSlash:G:\work\spring\0331\coffsty\userimg\
2021-04-17 19:59:01.685  INFO 13688 --- [restartedMain] o.s.b.d.a.OptionalLiveReloadServer       : LiveReload server is running on port 35729
2021-04-17 19:59:01.719  INFO 13688 --- [restartedMain] o.s.b.w.embedded.tomcat.TomcatWebServer  : Tomcat started on port(s): 80 (http) with context path ''
2021-04-17 19:59:01.722  INFO 13688 --- [restartedMain] com.dlj.blog.BlogApplication             : Started BlogApplication in 0.774 seconds (JVM running for 146.147)
2021-04-17 19:59:01.724  INFO 13688 --- [restartedMain] .ConditionEvaluationDeltaLoggingListener : Condition evaluation unchanged
2021-04-17 19:59:03.500  INFO 13688 --- [Thread-8] o.s.s.concurrent.ThreadPoolTaskExecutor  : Shutting down ExecutorService 'applicationTaskExecutor'
2021-04-17 19:59:03.501  INFO 13688 --- [Thread-8] com.alibaba.druid.pool.DruidDataSource   : {dataSource-2} closing ...
2021-04-17 19:59:03.502  INFO 13688 --- [Thread-8] com.alibaba.druid.pool.DruidDataSource   : {dataSource-2} closed
2021-04-17 19:59:03.565  INFO 13688 --- [restartedMain] com.dlj.blog.BlogApplication             : Starting BlogApplication using Java 13.0.2 on DESKTOP-IU2D3KR with PID 13688 (G:\work\spring\0331\coffsty\target\classes started by 11345 in G:\work\spring\0331\coffsty)
2021-04-17 19:59:03.565  INFO 13688 --- [restartedMain] com.dlj.blog.BlogApplication             : No active profile set, falling back to default profiles: default
2021-04-17 19:59:03.778  INFO 13688 --- [restartedMain] o.s.b.w.embedded.tomcat.TomcatWebServer  : Tomcat initialized with port(s): 80 (http)
2021-04-17 19:59:03.779  INFO 13688 --- [restartedMain] o.apache.catalina.core.StandardService   : Starting service [Tomcat]
2021-04-17 19:59:03.779  INFO 13688 --- [restartedMain] org.apache.catalina.core.StandardEngine  : Starting Servlet engine: [Apache Tomcat/9.0.44]
2021-04-17 19:59:03.797  INFO 13688 --- [restartedMain] o.a.c.c.C.[Tomcat].[localhost].[/]       : Initializing Spring embedded WebApplicationContext
2021-04-17 19:59:03.797  INFO 13688 --- [restartedMain] w.s.c.ServletWebServerApplicationContext : Root WebApplicationContext: initialization completed in 230 ms
2021-04-17 19:59:03.825  INFO 13688 --- [restartedMain] c.a.d.s.b.a.DruidDataSourceAutoConfigure : Init DruidDataSource
2021-04-17 19:59:03.917  INFO 13688 --- [restartedMain] com.alibaba.druid.pool.DruidDataSource   : {dataSource-3} inited
2021-04-17 19:59:04.035  INFO 13688 --- [restartedMain] o.s.s.concurrent.ThreadPoolTaskExecutor  : Initializing ExecutorService 'applicationTaskExecutor'
2021-04-17 19:59:04.048  INFO 13688 --- [restartedMain] o.s.b.a.w.s.WelcomePageHandlerMapping    : Adding welcome page template: index
2021-04-17 19:59:04.056  INFO 13688 --- [restartedMain] com.dlj.blog.utils.GetPathUtils          : 文件夹已存在
2021-04-17 19:59:04.056  INFO 13688 --- [restartedMain] com.dlj.blog.utils.GetPathUtils          : path:G:\work\spring\0331\coffsty\userimg\
2021-04-17 19:59:04.056  INFO 13688 --- [restartedMain] com.dlj.blog.utils.GetPathUtils          : pathSlash:G:\work\spring\0331\coffsty\userimg\
2021-04-17 19:59:04.085  INFO 13688 --- [restartedMain] o.s.b.d.a.OptionalLiveReloadServer       : LiveReload server is running on port 35729
2021-04-17 19:59:04.117  INFO 13688 --- [restartedMain] o.s.b.w.embedded.tomcat.TomcatWebServer  : Tomcat started on port(s): 80 (http) with context path ''
2021-04-17 19:59:04.120  INFO 13688 --- [restartedMain] com.dlj.blog.BlogApplication             : Started BlogApplication in 0.584 seconds (JVM running for 148.544)
2021-04-17 19:59:04.121  INFO 13688 --- [restartedMain] .ConditionEvaluationDeltaLoggingListener : Condition evaluation unchanged
2021-04-17 20:00:43.295  INFO 13688 --- [Thread-13] o.s.s.concurrent.ThreadPoolTaskExecutor  : Shutting down ExecutorService 'applicationTaskExecutor'
2021-04-17 20:00:43.297  INFO 13688 --- [Thread-13] com.alibaba.druid.pool.DruidDataSource   : {dataSource-3} closing ...
2021-04-17 20:00:43.298  INFO 13688 --- [Thread-13] com.alibaba.druid.pool.DruidDataSource   : {dataSource-3} closed
2021-04-17 20:00:43.369  INFO 13688 --- [restartedMain] com.dlj.blog.BlogApplication             : Starting BlogApplication using Java 13.0.2 on DESKTOP-IU2D3KR with PID 13688 (G:\work\spring\0331\coffsty\target\classes started by 11345 in G:\work\spring\0331\coffsty)
2021-04-17 20:00:43.369  INFO 13688 --- [restartedMain] com.dlj.blog.BlogApplication             : No active profile set, falling back to default profiles: default
2021-04-17 20:00:43.601  INFO 13688 --- [restartedMain] o.s.b.w.embedded.tomcat.TomcatWebServer  : Tomcat initialized with port(s): 80 (http)
2021-04-17 20:00:43.602  INFO 13688 --- [restartedMain] o.apache.catalina.core.StandardService   : Starting service [Tomcat]
2021-04-17 20:00:43.602  INFO 13688 --- [restartedMain] org.apache.catalina.core.StandardEngine  : Starting Servlet engine: [Apache Tomcat/9.0.44]
2021-04-17 20:00:43.623  INFO 13688 --- [restartedMain] o.a.c.c.C.[Tomcat].[localhost].[/]       : Initializing Spring embedded WebApplicationContext
2021-04-17 20:00:43.623  INFO 13688 --- [restartedMain] w.s.c.ServletWebServerApplicationContext : Root WebApplicationContext: initialization completed in 252 ms
2021-04-17 20:00:43.654  INFO 13688 --- [restartedMain] c.a.d.s.b.a.DruidDataSourceAutoConfigure : Init DruidDataSource
2021-04-17 20:00:43.753  INFO 13688 --- [restartedMain] com.alibaba.druid.pool.DruidDataSource   : {dataSource-4} inited
2021-04-17 20:00:43.864  INFO 13688 --- [restartedMain] o.s.s.concurrent.ThreadPoolTaskExecutor  : Initializing ExecutorService 'applicationTaskExecutor'
2021-04-17 20:00:43.875  INFO 13688 --- [restartedMain] o.s.b.a.w.s.WelcomePageHandlerMapping    : Adding welcome page template: index
2021-04-17 20:00:43.881  INFO 13688 --- [restartedMain] com.dlj.blog.utils.GetPathUtils          : 文件夹已存在
2021-04-17 20:00:43.882  INFO 13688 --- [restartedMain] com.dlj.blog.utils.GetPathUtils          : path:G:\work\spring\0331\coffsty\userimg\
2021-04-17 20:00:43.882  INFO 13688 --- [restartedMain] com.dlj.blog.utils.GetPathUtils          : pathSlash:G:\work\spring\0331\coffsty\userimg\
2021-04-17 20:00:43.911  INFO 13688 --- [restartedMain] o.s.b.d.a.OptionalLiveReloadServer       : LiveReload server is running on port 35729
2021-04-17 20:00:43.942  INFO 13688 --- [restartedMain] o.s.b.w.embedded.tomcat.TomcatWebServer  : Tomcat started on port(s): 80 (http) with context path ''
2021-04-17 20:00:43.945  INFO 13688 --- [restartedMain] com.dlj.blog.BlogApplication             : Started BlogApplication in 0.609 seconds (JVM running for 248.369)
2021-04-17 20:00:43.946  INFO 13688 --- [restartedMain] .ConditionEvaluationDeltaLoggingListener : Condition evaluation unchanged
2021-04-17 20:00:45.268  INFO 13688 --- [http-nio-80-exec-1] o.a.c.c.C.[Tomcat].[localhost].[/]       : Initializing Spring DispatcherServlet 'dispatcherServlet'
2021-04-17 20:00:45.269  INFO 13688 --- [http-nio-80-exec-1] o.s.web.servlet.DispatcherServlet        : Initializing Servlet 'dispatcherServlet'
2021-04-17 20:00:45.270  INFO 13688 --- [http-nio-80-exec-1] o.s.web.servlet.DispatcherServlet        : Completed initialization in 1 ms
2021-04-17 20:00:45.271 ERROR 13688 --- [http-nio-80-exec-1] o.a.c.c.C.[.[.[/].[dispatcherServlet]    : Servlet.service() for servlet [dispatcherServlet] in context with path [] threw exception [Request processing failed; nested exception is java.lang.NullPointerException] with root cause

java.lang.NullPointerException: null
	at com.dlj.blog.conf.LoginInterceptor.preHandle(LoginInterceptor.java:24)
	at org.springframework.web.servlet.HandlerExecutionChain.applyPreHandle(HandlerExecutionChain.java:148)
	at org.springframework.web.servlet.DispatcherServlet.doDispatch(DispatcherServlet.java:1055)
	at org.springframework.web.servlet.DispatcherServlet.doService(DispatcherServlet.java:962)
	at org.springframework.web.servlet.FrameworkServlet.processRequest(FrameworkServlet.java:1006)
	at org.springframework.web.servlet.FrameworkServlet.doGet(FrameworkServlet.java:898)
	at javax.servlet.http.HttpServlet.service(HttpServlet.java:626)
	at org.springframework.web.servlet.FrameworkServlet.service(FrameworkServlet.java:883)
	at javax.servlet.http.HttpServlet.service(HttpServlet.java:733)
	at org.apache.catalina.core.ApplicationFilterChain.internalDoFilter(ApplicationFilterChain.java:227)
	at org.apache.catalina.core.ApplicationFilterChain.doFilter(ApplicationFilterChain.java:162)
	at org.apache.tomcat.websocket.server.WsFilter.doFilter(WsFilter.java:53)
	at org.apache.catalina.core.ApplicationFilterChain.internalDoFilter(ApplicationFilterChain.java:189)
	at org.apache.catalina.core.ApplicationFilterChain.doFilter(ApplicationFilterChain.java:162)
	at com.alibaba.druid.support.http.WebStatFilter.doFilter(WebStatFilter.java:124)
	at org.apache.catalina.core.ApplicationFilterChain.internalDoFilter(ApplicationFilterChain.java:189)
	at org.apache.catalina.core.ApplicationFilterChain.doFilter(ApplicationFilterChain.java:162)
	at org.springframework.web.filter.RequestContextFilter.doFilterInternal(RequestContextFilter.java:100)
	at org.springframework.web.filter.OncePerRequestFilter.doFilter(OncePerRequestFilter.java:119)
	at org.apache.catalina.core.ApplicationFilterChain.internalDoFilter(ApplicationFilterChain.java:189)
	at org.apache.catalina.core.ApplicationFilterChain.doFilter(ApplicationFilterChain.java:162)
	at org.springframework.web.filter.FormContentFilter.doFilterInternal(FormContentFilter.java:93)
	at org.springframework.web.filter.OncePerRequestFilter.doFilter(OncePerRequestFilter.java:119)
	at org.apache.catalina.core.ApplicationFilterChain.internalDoFilter(ApplicationFilterChain.java:189)
	at org.apache.catalina.core.ApplicationFilterChain.doFilter(ApplicationFilterChain.java:162)
	at org.springframework.web.filter.CharacterEncodingFilter.doFilterInternal(CharacterEncodingFilter.java:201)
	at org.springframework.web.filter.OncePerRequestFilter.doFilter(OncePerRequestFilter.java:119)
	at org.apache.catalina.core.ApplicationFilterChain.internalDoFilter(ApplicationFilterChain.java:189)
	at org.apache.catalina.core.ApplicationFilterChain.doFilter(ApplicationFilterChain.java:162)
	at org.apache.catalina.core.StandardWrapperValve.invoke(StandardWrapperValve.java:202)
	at org.apache.catalina.core.StandardContextValve.invoke(StandardContextValve.java:97)
	at org.apache.catalina.authenticator.AuthenticatorBase.invoke(AuthenticatorBase.java:542)
	at org.apache.catalina.core.StandardHostValve.invoke(StandardHostValve.java:143)
	at org.apache.catalina.valves.ErrorReportValve.invoke(ErrorReportValve.java:92)
	at org.apache.catalina.core.StandardEngineValve.invoke(StandardEngineValve.java:78)
	at org.apache.catalina.connector.CoyoteAdapter.service(CoyoteAdapter.java:357)
	at org.apache.coyote.http11.Http11Processor.service(Http11Processor.java:374)
	at org.apache.coyote.AbstractProcessorLight.process(AbstractProcessorLight.java:65)
	at org.apache.coyote.AbstractProtocol$ConnectionHandler.process(AbstractProtocol.java:893)
	at org.apache.tomcat.util.net.NioEndpoint$SocketProcessor.doRun(NioEndpoint.java:1707)
	at org.apache.tomcat.util.net.SocketProcessorBase.run(SocketProcessorBase.java:49)
	at java.base/java.util.concurrent.ThreadPoolExecutor.runWorker(ThreadPoolExecutor.java:1128)
	at java.base/java.util.concurrent.ThreadPoolExecutor$Worker.run(ThreadPoolExecutor.java:628)
	at org.apache.tomcat.util.threads.TaskThread$WrappingRunnable.run(TaskThread.java:61)
	at java.base/java.lang.Thread.run(Thread.java:830)

2021-04-17 20:00:45.475  INFO 13688 --- [http-nio-80-exec-3] com.dlj.blog.controller.IndexController  : blogTotal:3
2021-04-17 20:00:45.475  INFO 13688 --- [http-nio-80-exec-3] com.dlj.blog.controller.IndexController  : blogViewTotal:231
2021-04-17 20:00:57.358  INFO 13688 --- [http-nio-80-exec-4] com.dlj.blog.controller.IndexController  : blogTotal:3
2021-04-17 20:00:57.359  INFO 13688 --- [http-nio-80-exec-4] com.dlj.blog.controller.IndexController  : blogViewTotal:231
2021-04-17 20:01:01.060 ERROR 13688 --- [http-nio-80-exec-7] o.a.c.c.C.[.[.[/].[dispatcherServlet]    : Servlet.service() for servlet [dispatcherServlet] in context with path [] threw exception [Request processing failed; nested exception is java.lang.NullPointerException] with root cause

java.lang.NullPointerException: null
	at com.dlj.blog.conf.LoginInterceptor.preHandle(LoginInterceptor.java:24)
	at org.springframework.web.servlet.HandlerExecutionChain.applyPreHandle(HandlerExecutionChain.java:148)
	at org.springframework.web.servlet.DispatcherServlet.doDispatch(DispatcherServlet.java:1055)
	at org.springframework.web.servlet.DispatcherServlet.doService(DispatcherServlet.java:962)
	at org.springframework.web.servlet.FrameworkServlet.processRequest(FrameworkServlet.java:1006)
	at org.springframework.web.servlet.FrameworkServlet.doGet(FrameworkServlet.java:898)
	at javax.servlet.http.HttpServlet.service(HttpServlet.java:626)
	at org.springframework.web.servlet.FrameworkServlet.service(FrameworkServlet.java:883)
	at javax.servlet.http.HttpServlet.service(HttpServlet.java:733)
	at org.apache.catalina.core.ApplicationFilterChain.internalDoFilter(ApplicationFilterChain.java:227)
	at org.apache.catalina.core.ApplicationFilterChain.doFilter(ApplicationFilterChain.java:162)
	at org.apache.tomcat.websocket.server.WsFilter.doFilter(WsFilter.java:53)
	at org.apache.catalina.core.ApplicationFilterChain.internalDoFilter(ApplicationFilterChain.java:189)
	at org.apache.catalina.core.ApplicationFilterChain.doFilter(ApplicationFilterChain.java:162)
	at com.alibaba.druid.support.http.WebStatFilter.doFilter(WebStatFilter.java:124)
	at org.apache.catalina.core.ApplicationFilterChain.internalDoFilter(ApplicationFilterChain.java:189)
	at org.apache.catalina.core.ApplicationFilterChain.doFilter(ApplicationFilterChain.java:162)
	at org.springframework.web.filter.RequestContextFilter.doFilterInternal(RequestContextFilter.java:100)
	at org.springframework.web.filter.OncePerRequestFilter.doFilter(OncePerRequestFilter.java:119)
	at org.apache.catalina.core.ApplicationFilterChain.internalDoFilter(ApplicationFilterChain.java:189)
	at org.apache.catalina.core.ApplicationFilterChain.doFilter(ApplicationFilterChain.java:162)
	at org.springframework.web.filter.FormContentFilter.doFilterInternal(FormContentFilter.java:93)
	at org.springframework.web.filter.OncePerRequestFilter.doFilter(OncePerRequestFilter.java:119)
	at org.apache.catalina.core.ApplicationFilterChain.internalDoFilter(ApplicationFilterChain.java:189)
	at org.apache.catalina.core.ApplicationFilterChain.doFilter(ApplicationFilterChain.java:162)
	at org.springframework.web.filter.CharacterEncodingFilter.doFilterInternal(CharacterEncodingFilter.java:201)
	at org.springframework.web.filter.OncePerRequestFilter.doFilter(OncePerRequestFilter.java:119)
	at org.apache.catalina.core.ApplicationFilterChain.internalDoFilter(ApplicationFilterChain.java:189)
	at org.apache.catalina.core.ApplicationFilterChain.doFilter(ApplicationFilterChain.java:162)
	at org.apache.catalina.core.StandardWrapperValve.invoke(StandardWrapperValve.java:202)
	at org.apache.catalina.core.StandardContextValve.invoke(StandardContextValve.java:97)
	at org.apache.catalina.authenticator.AuthenticatorBase.invoke(AuthenticatorBase.java:542)
	at org.apache.catalina.core.StandardHostValve.invoke(StandardHostValve.java:143)
	at org.apache.catalina.valves.ErrorReportValve.invoke(ErrorReportValve.java:92)
	at org.apache.catalina.core.StandardEngineValve.invoke(StandardEngineValve.java:78)
	at org.apache.catalina.connector.CoyoteAdapter.service(CoyoteAdapter.java:357)
	at org.apache.coyote.http11.Http11Processor.service(Http11Processor.java:374)
	at org.apache.coyote.AbstractProcessorLight.process(AbstractProcessorLight.java:65)
	at org.apache.coyote.AbstractProtocol$ConnectionHandler.process(AbstractProtocol.java:893)
	at org.apache.tomcat.util.net.NioEndpoint$SocketProcessor.doRun(NioEndpoint.java:1707)
	at org.apache.tomcat.util.net.SocketProcessorBase.run(SocketProcessorBase.java:49)
	at java.base/java.util.concurrent.ThreadPoolExecutor.runWorker(ThreadPoolExecutor.java:1128)
	at java.base/java.util.concurrent.ThreadPoolExecutor$Worker.run(ThreadPoolExecutor.java:628)
	at org.apache.tomcat.util.threads.TaskThread$WrappingRunnable.run(TaskThread.java:61)
	at java.base/java.lang.Thread.run(Thread.java:830)

2021-04-17 20:01:01.177  INFO 13688 --- [http-nio-80-exec-8] com.dlj.blog.controller.IndexController  : blogTotal:3
2021-04-17 20:01:01.177  INFO 13688 --- [http-nio-80-exec-8] com.dlj.blog.controller.IndexController  : blogViewTotal:231
2021-04-17 20:03:49.659  INFO 13688 --- [Thread-18] o.s.s.concurrent.ThreadPoolTaskExecutor  : Shutting down ExecutorService 'applicationTaskExecutor'
2021-04-17 20:03:49.660  INFO 13688 --- [Thread-18] com.alibaba.druid.pool.DruidDataSource   : {dataSource-4} closing ...
2021-04-17 20:03:49.661  INFO 13688 --- [Thread-18] com.alibaba.druid.pool.DruidDataSource   : {dataSource-4} closed
2021-04-17 20:03:49.728  INFO 13688 --- [restartedMain] com.dlj.blog.BlogApplication             : Starting BlogApplication using Java 13.0.2 on DESKTOP-IU2D3KR with PID 13688 (G:\work\spring\0331\coffsty\target\classes started by 11345 in G:\work\spring\0331\coffsty)
2021-04-17 20:03:49.728  INFO 13688 --- [restartedMain] com.dlj.blog.BlogApplication             : No active profile set, falling back to default profiles: default
2021-04-17 20:03:50.001  INFO 13688 --- [restartedMain] o.s.b.w.embedded.tomcat.TomcatWebServer  : Tomcat initialized with port(s): 80 (http)
2021-04-17 20:03:50.001  INFO 13688 --- [restartedMain] o.apache.catalina.core.StandardService   : Starting service [Tomcat]
2021-04-17 20:03:50.002  INFO 13688 --- [restartedMain] org.apache.catalina.core.StandardEngine  : Starting Servlet engine: [Apache Tomcat/9.0.44]
2021-04-17 20:03:50.024  INFO 13688 --- [restartedMain] o.a.c.c.C.[Tomcat].[localhost].[/]       : Initializing Spring embedded WebApplicationContext
2021-04-17 20:03:50.024  INFO 13688 --- [restartedMain] w.s.c.ServletWebServerApplicationContext : Root WebApplicationContext: initialization completed in 294 ms
2021-04-17 20:03:50.067  INFO 13688 --- [restartedMain] c.a.d.s.b.a.DruidDataSourceAutoConfigure : Init DruidDataSource
2021-04-17 20:03:50.163  INFO 13688 --- [restartedMain] com.alibaba.druid.pool.DruidDataSource   : {dataSource-5} inited
2021-04-17 20:03:50.292  INFO 13688 --- [restartedMain] o.s.s.concurrent.ThreadPoolTaskExecutor  : Initializing ExecutorService 'applicationTaskExecutor'
2021-04-17 20:03:50.307  INFO 13688 --- [restartedMain] o.s.b.a.w.s.WelcomePageHandlerMapping    : Adding welcome page template: index
2021-04-17 20:03:50.315  INFO 13688 --- [restartedMain] com.dlj.blog.utils.GetPathUtils          : 文件夹已存在
2021-04-17 20:03:50.315  INFO 13688 --- [restartedMain] com.dlj.blog.utils.GetPathUtils          : path:G:\work\spring\0331\coffsty\userimg\
2021-04-17 20:03:50.315  INFO 13688 --- [restartedMain] com.dlj.blog.utils.GetPathUtils          : pathSlash:G:\work\spring\0331\coffsty\userimg\
2021-04-17 20:03:50.360  INFO 13688 --- [restartedMain] o.s.b.d.a.OptionalLiveReloadServer       : LiveReload server is running on port 35729
2021-04-17 20:03:50.409  INFO 13688 --- [restartedMain] o.s.b.w.embedded.tomcat.TomcatWebServer  : Tomcat started on port(s): 80 (http) with context path ''
2021-04-17 20:03:50.412  INFO 13688 --- [restartedMain] com.dlj.blog.BlogApplication             : Started BlogApplication in 0.715 seconds (JVM running for 434.837)
2021-04-17 20:03:50.414  INFO 13688 --- [restartedMain] .ConditionEvaluationDeltaLoggingListener : Condition evaluation unchanged
2021-04-17 20:03:52.206  INFO 13688 --- [Thread-23] o.s.s.concurrent.ThreadPoolTaskExecutor  : Shutting down ExecutorService 'applicationTaskExecutor'
2021-04-17 20:03:52.206  INFO 13688 --- [Thread-23] com.alibaba.druid.pool.DruidDataSource   : {dataSource-5} closing ...
2021-04-17 20:03:52.207  INFO 13688 --- [Thread-23] com.alibaba.druid.pool.DruidDataSource   : {dataSource-5} closed
2021-04-17 20:03:52.266  INFO 13688 --- [restartedMain] com.dlj.blog.BlogApplication             : Starting BlogApplication using Java 13.0.2 on DESKTOP-IU2D3KR with PID 13688 (G:\work\spring\0331\coffsty\target\classes started by 11345 in G:\work\spring\0331\coffsty)
2021-04-17 20:03:52.266  INFO 13688 --- [restartedMain] com.dlj.blog.BlogApplication             : No active profile set, falling back to default profiles: default
2021-04-17 20:03:52.457  INFO 13688 --- [restartedMain] o.s.b.w.embedded.tomcat.TomcatWebServer  : Tomcat initialized with port(s): 80 (http)
2021-04-17 20:03:52.457  INFO 13688 --- [restartedMain] o.apache.catalina.core.StandardService   : Starting service [Tomcat]
2021-04-17 20:03:52.458  INFO 13688 --- [restartedMain] org.apache.catalina.core.StandardEngine  : Starting Servlet engine: [Apache Tomcat/9.0.44]
2021-04-17 20:03:52.477  INFO 13688 --- [restartedMain] o.a.c.c.C.[Tomcat].[localhost].[/]       : Initializing Spring embedded WebApplicationContext
2021-04-17 20:03:52.477  INFO 13688 --- [restartedMain] w.s.c.ServletWebServerApplicationContext : Root WebApplicationContext: initialization completed in 209 ms
2021-04-17 20:03:52.504  INFO 13688 --- [restartedMain] c.a.d.s.b.a.DruidDataSourceAutoConfigure : Init DruidDataSource
2021-04-17 20:03:52.588  INFO 13688 --- [restartedMain] com.alibaba.druid.pool.DruidDataSource   : {dataSource-6} inited
2021-04-17 20:03:52.681  INFO 13688 --- [restartedMain] o.s.s.concurrent.ThreadPoolTaskExecutor  : Initializing ExecutorService 'applicationTaskExecutor'
2021-04-17 20:03:52.693  INFO 13688 --- [restartedMain] o.s.b.a.w.s.WelcomePageHandlerMapping    : Adding welcome page template: index
2021-04-17 20:03:52.699  INFO 13688 --- [restartedMain] com.dlj.blog.utils.GetPathUtils          : 文件夹已存在
2021-04-17 20:03:52.699  INFO 13688 --- [restartedMain] com.dlj.blog.utils.GetPathUtils          : path:G:\work\spring\0331\coffsty\userimg\
2021-04-17 20:03:52.699  INFO 13688 --- [restartedMain] com.dlj.blog.utils.GetPathUtils          : pathSlash:G:\work\spring\0331\coffsty\userimg\
2021-04-17 20:03:52.729  INFO 13688 --- [restartedMain] o.s.b.d.a.OptionalLiveReloadServer       : LiveReload server is running on port 35729
2021-04-17 20:03:52.761  INFO 13688 --- [restartedMain] o.s.b.w.embedded.tomcat.TomcatWebServer  : Tomcat started on port(s): 80 (http) with context path ''
2021-04-17 20:03:52.764  INFO 13688 --- [restartedMain] com.dlj.blog.BlogApplication             : Started BlogApplication in 0.526 seconds (JVM running for 437.189)
2021-04-17 20:03:52.765  INFO 13688 --- [restartedMain] .ConditionEvaluationDeltaLoggingListener : Condition evaluation unchanged
2021-04-17 20:03:52.861  INFO 13688 --- [http-nio-80-exec-1] o.a.c.c.C.[Tomcat].[localhost].[/]       : Initializing Spring DispatcherServlet 'dispatcherServlet'
2021-04-17 20:03:52.862  INFO 13688 --- [http-nio-80-exec-1] o.s.web.servlet.DispatcherServlet        : Initializing Servlet 'dispatcherServlet'
2021-04-17 20:03:52.863  INFO 13688 --- [http-nio-80-exec-1] o.s.web.servlet.DispatcherServlet        : Completed initialization in 1 ms
2021-04-17 20:03:53.119  INFO 13688 --- [http-nio-80-exec-10] com.dlj.blog.controller.IndexController  : blogTotal:3
2021-04-17 20:03:53.119  INFO 13688 --- [http-nio-80-exec-10] com.dlj.blog.controller.IndexController  : blogViewTotal:231
2021-04-17 20:03:58.088  INFO 13688 --- [http-nio-80-exec-1] com.dlj.blog.controller.IndexController  : blogTotal:3
2021-04-17 20:03:58.088  INFO 13688 --- [http-nio-80-exec-1] com.dlj.blog.controller.IndexController  : blogViewTotal:231
2021-04-17 20:04:30.717  INFO 13688 --- [Thread-28] o.s.s.concurrent.ThreadPoolTaskExecutor  : Shutting down ExecutorService 'applicationTaskExecutor'
2021-04-17 20:04:30.718  INFO 13688 --- [Thread-28] com.alibaba.druid.pool.DruidDataSource   : {dataSource-6} closing ...
2021-04-17 20:04:30.719  INFO 13688 --- [Thread-28] com.alibaba.druid.pool.DruidDataSource   : {dataSource-6} closed
2021-04-17 20:04:30.786  INFO 13688 --- [restartedMain] com.dlj.blog.BlogApplication             : Starting BlogApplication using Java 13.0.2 on DESKTOP-IU2D3KR with PID 13688 (G:\work\spring\0331\coffsty\target\classes started by 11345 in G:\work\spring\0331\coffsty)
2021-04-17 20:04:30.786  INFO 13688 --- [restartedMain] com.dlj.blog.BlogApplication             : No active profile set, falling back to default profiles: default
2021-04-17 20:04:30.968  INFO 13688 --- [restartedMain] o.s.b.w.embedded.tomcat.TomcatWebServer  : Tomcat initialized with port(s): 80 (http)
2021-04-17 20:04:30.969  INFO 13688 --- [restartedMain] o.apache.catalina.core.StandardService   : Starting service [Tomcat]
2021-04-17 20:04:30.969  INFO 13688 --- [restartedMain] org.apache.catalina.core.StandardEngine  : Starting Servlet engine: [Apache Tomcat/9.0.44]
2021-04-17 20:04:30.987  INFO 13688 --- [restartedMain] o.a.c.c.C.[Tomcat].[localhost].[/]       : Initializing Spring embedded WebApplicationContext
2021-04-17 20:04:30.987  INFO 13688 --- [restartedMain] w.s.c.ServletWebServerApplicationContext : Root WebApplicationContext: initialization completed in 199 ms
2021-04-17 20:04:31.014  INFO 13688 --- [restartedMain] c.a.d.s.b.a.DruidDataSourceAutoConfigure : Init DruidDataSource
2021-04-17 20:04:31.098  INFO 13688 --- [restartedMain] com.alibaba.druid.pool.DruidDataSource   : {dataSource-7} inited
2021-04-17 20:04:31.190  INFO 13688 --- [restartedMain] o.s.s.concurrent.ThreadPoolTaskExecutor  : Initializing ExecutorService 'applicationTaskExecutor'
2021-04-17 20:04:31.202  INFO 13688 --- [restartedMain] o.s.b.a.w.s.WelcomePageHandlerMapping    : Adding welcome page template: index
2021-04-17 20:04:31.208  INFO 13688 --- [restartedMain] com.dlj.blog.utils.GetPathUtils          : 文件夹已存在
2021-04-17 20:04:31.208  INFO 13688 --- [restartedMain] com.dlj.blog.utils.GetPathUtils          : path:G:\work\spring\0331\coffsty\userimg\
2021-04-17 20:04:31.208  INFO 13688 --- [restartedMain] com.dlj.blog.utils.GetPathUtils          : pathSlash:G:\work\spring\0331\coffsty\userimg\
2021-04-17 20:04:31.250  INFO 13688 --- [restartedMain] o.s.b.d.a.OptionalLiveReloadServer       : LiveReload server is running on port 35729
2021-04-17 20:04:31.282  INFO 13688 --- [restartedMain] o.s.b.w.embedded.tomcat.TomcatWebServer  : Tomcat started on port(s): 80 (http) with context path ''
2021-04-17 20:04:31.285  INFO 13688 --- [restartedMain] com.dlj.blog.BlogApplication             : Started BlogApplication in 0.527 seconds (JVM running for 475.71)
2021-04-17 20:04:31.286  INFO 13688 --- [restartedMain] .ConditionEvaluationDeltaLoggingListener : Condition evaluation unchanged
2021-04-17 20:04:36.989  INFO 13688 --- [http-nio-80-exec-1] o.a.c.c.C.[Tomcat].[localhost].[/]       : Initializing Spring DispatcherServlet 'dispatcherServlet'
2021-04-17 20:04:36.991  INFO 13688 --- [http-nio-80-exec-1] o.s.web.servlet.DispatcherServlet        : Initializing Servlet 'dispatcherServlet'
2021-04-17 20:04:36.992  INFO 13688 --- [http-nio-80-exec-1] o.s.web.servlet.DispatcherServlet        : Completed initialization in 1 ms
2021-04-17 20:04:37.193  INFO 13688 --- [http-nio-80-exec-9] com.dlj.blog.controller.IndexController  : blogTotal:3
2021-04-17 20:04:37.193  INFO 13688 --- [http-nio-80-exec-9] com.dlj.blog.controller.IndexController  : blogViewTotal:231
